  Client.cpp
  Terrain.cpp
  Sword.cpp
  ParkingRoad.cpp
  MainApp.cpp
  LoadingLogo.cpp
  LoadingBar.cpp
  Loader.cpp
  Level_Logo.cpp
  Level_Loading.cpp
  Level_GamePlay.cpp
  House_04.cpp
  House_03.cpp
  House_02.cpp
  House_01.cpp
  House_00.cpp
  Fork.cpp
  CampGroundRoad.cpp
  Camera_First.cpp
  Camera_Default.cpp
  코드를 생성하고 있습니다...
  컴파일하고 있습니다...
  Bed.cpp
  코드를 생성하고 있습니다...
  컴파일하고 있습니다...
  BackGround.cpp
  코드를 생성하고 있습니다...
  Client.vcxproj -> C:\Users\ehddj\OneDrive\바탕 화면\MapTool\Client\Default\..\Bin\Client.exe
  Client.vcxproj -> ..\Bin\Client.pdb (Full PDB)
