  VIBuffer_Rect.cpp
  VIBuffer.cpp
  Texture.cpp
  Shader.cpp
  Model.cpp
  MeshContainer.cpp
  VIBuffer_Terrain.cpp
  Transform.cpp
c:\users\ehddj\onedrive\바탕 화면\maptool\engine\private\transform.cpp(645): warning C4800: 'int': 'true' 또는 'false'로 bool 값을 강제하고 있습니다(성능 경고).
c:\users\ehddj\onedrive\바탕 화면\maptool\engine\private\transform.cpp(743): warning C4800: 'int': 'true' 또는 'false'로 bool 값을 강제하고 있습니다(성능 경고).
  Renderer.cpp
  Picking.cpp
  Object_Manager.cpp
  Navigation.cpp
c:\users\ehddj\onedrive\바탕 화면\maptool\engine\private\navigation.cpp(43): warning C4267: '인수': 'size_t'에서 'Engine::_uint'(으)로 변환하면서 데이터가 손실될 수 있습니다.
  Level_Manager.cpp
  Layer.cpp
  Imgui_Manager.cpp
  GameObject.cpp
  GameInstance.cpp
  Component_Manager.cpp
  Component.cpp
  Collider.cpp
  코드를 생성하고 있습니다...
c:\users\ehddj\onedrive\바탕 화면\maptool\engine\private\gameinstance.cpp(297): warning C4172: 지역 변수 또는 임시의 주소를 반환하고 있습니다.
c:\users\ehddj\onedrive\바탕 화면\maptool\engine\private\gameinstance.cpp(305): warning C4172: 지역 변수 또는 임시의 주소를 반환하고 있습니다.
  컴파일하고 있습니다...
  Cell.cpp
  Camera.cpp
  코드를 생성하고 있습니다...
  컴파일하고 있습니다...
  VIBuffer_Triangle.cpp
  코드를 생성하고 있습니다...
     ..\Bin\Engine.lib 라이브러리 및 ..\Bin\Engine.exp 개체를 생성하고 있습니다.
Effects11d.lib(d3dxGlobal.obj) : warning LNK4099: 'Effects11d.pdb' PDB를 'Effects11d.lib(d3dxGlobal.obj)' 또는 'C:\Users\ehddj\OneDrive\바탕 화면\MapTool\Engine\Bin\Effects11d.pdb'에서 찾을 수 없습니다. 디버그 정보가 없는 것처럼 개체를 링크합니다.
Effects11d.lib(EffectAPI.obj) : warning LNK4099: 'Effects11d.pdb' PDB를 'Effects11d.lib(EffectAPI.obj)' 또는 'C:\Users\ehddj\OneDrive\바탕 화면\MapTool\Engine\Bin\Effects11d.pdb'에서 찾을 수 없습니다. 디버그 정보가 없는 것처럼 개체를 링크합니다.
Effects11d.lib(EffectLoad.obj) : warning LNK4099: 'Effects11d.pdb' PDB를 'Effects11d.lib(EffectLoad.obj)' 또는 'C:\Users\ehddj\OneDrive\바탕 화면\MapTool\Engine\Bin\Effects11d.pdb'에서 찾을 수 없습니다. 디버그 정보가 없는 것처럼 개체를 링크합니다.
Effects11d.lib(EffectNonRuntime.obj) : warning LNK4099: 'Effects11d.pdb' PDB를 'Effects11d.lib(EffectNonRuntime.obj)' 또는 'C:\Users\ehddj\OneDrive\바탕 화면\MapTool\Engine\Bin\Effects11d.pdb'에서 찾을 수 없습니다. 디버그 정보가 없는 것처럼 개체를 링크합니다.
Effects11d.lib(EffectReflection.obj) : warning LNK4099: 'Effects11d.pdb' PDB를 'Effects11d.lib(EffectReflection.obj)' 또는 'C:\Users\ehddj\OneDrive\바탕 화면\MapTool\Engine\Bin\Effects11d.pdb'에서 찾을 수 없습니다. 디버그 정보가 없는 것처럼 개체를 링크합니다.
Effects11d.lib(EffectRuntime.obj) : warning LNK4099: 'Effects11d.pdb' PDB를 'Effects11d.lib(EffectRuntime.obj)' 또는 'C:\Users\ehddj\OneDrive\바탕 화면\MapTool\Engine\Bin\Effects11d.pdb'에서 찾을 수 없습니다. 디버그 정보가 없는 것처럼 개체를 링크합니다.
DirectXTKd.lib(BasicEffect.obj) : warning LNK4099: 'DirectXTK.pdb' PDB를 'DirectXTKd.lib(BasicEffect.obj)' 또는 'C:\Users\ehddj\OneDrive\바탕 화면\MapTool\Engine\Bin\DirectXTK.pdb'에서 찾을 수 없습니다. 디버그 정보가 없는 것처럼 개체를 링크합니다.
DirectXTKd.lib(DDSTextureLoader.obj) : warning LNK4099: 'DirectXTK.pdb' PDB를 'DirectXTKd.lib(DDSTextureLoader.obj)' 또는 'C:\Users\ehddj\OneDrive\바탕 화면\MapTool\Engine\Bin\DirectXTK.pdb'에서 찾을 수 없습니다. 디버그 정보가 없는 것처럼 개체를 링크합니다.
DirectXTKd.lib(EffectCommon.obj) : warning LNK4099: 'DirectXTK.pdb' PDB를 'DirectXTKd.lib(EffectCommon.obj)' 또는 'C:\Users\ehddj\OneDrive\바탕 화면\MapTool\Engine\Bin\DirectXTK.pdb'에서 찾을 수 없습니다. 디버그 정보가 없는 것처럼 개체를 링크합니다.
DirectXTKd.lib(pch.obj) : warning LNK4099: 'DirectXTK.pdb' PDB를 'DirectXTKd.lib(pch.obj)' 또는 'C:\Users\ehddj\OneDrive\바탕 화면\MapTool\Engine\Bin\DirectXTK.pdb'에서 찾을 수 없습니다. 디버그 정보가 없는 것처럼 개체를 링크합니다.
DirectXTKd.lib(PrimitiveBatch.obj) : warning LNK4099: 'DirectXTK.pdb' PDB를 'DirectXTKd.lib(PrimitiveBatch.obj)' 또는 'C:\Users\ehddj\OneDrive\바탕 화면\MapTool\Engine\Bin\DirectXTK.pdb'에서 찾을 수 없습니다. 디버그 정보가 없는 것처럼 개체를 링크합니다.
DirectXTKd.lib(VertexTypes.obj) : warning LNK4099: 'DirectXTK.pdb' PDB를 'DirectXTKd.lib(VertexTypes.obj)' 또는 'C:\Users\ehddj\OneDrive\바탕 화면\MapTool\Engine\Bin\DirectXTK.pdb'에서 찾을 수 없습니다. 디버그 정보가 없는 것처럼 개체를 링크합니다.
DirectXTKd.lib(WICTextureLoader.obj) : warning LNK4099: 'DirectXTK.pdb' PDB를 'DirectXTKd.lib(WICTextureLoader.obj)' 또는 'C:\Users\ehddj\OneDrive\바탕 화면\MapTool\Engine\Bin\DirectXTK.pdb'에서 찾을 수 없습니다. 디버그 정보가 없는 것처럼 개체를 링크합니다.
  Engine.vcxproj -> C:\Users\ehddj\OneDrive\바탕 화면\MapTool\Engine\Default\..\Bin\Engine.dll
  Engine.vcxproj -> ..\Bin\Engine.pdb (Full PDB)
